Determining if the function wsyncup exists in the /Library/Developer/CommandLineTools/SDKs/MacOSX11.3.sdk/usr/lib/libcurses.tbd passed with the following output:
Change Dir: /Users/shane/env_setting/CMake/Source/Checks/Curses-build/CMakeFiles/CMakeScratch/TryCompile-acxveq

Run Build Command(s):/usr/bin/make -f Makefile cmTC_9352b/fast && make  -f CMakeFiles/cmTC_9352b.dir/build.make CMakeFiles/cmTC_9352b.dir/build
Building C object CMakeFiles/cmTC_9352b.dir/CheckFunctionExists.c.o
/Library/Developer/CommandLineTools/usr/bin/clang   -DCHECK_FUNCTION_EXISTS=wsyncup -arch arm64 -isysroot /Library/Developer/CommandLineTools/SDKs/MacOSX11.3.sdk -MD -MT CMakeFiles/cmTC_9352b.dir/CheckFunctionExists.c.o -MF CMakeFiles/cmTC_9352b.dir/CheckFunctionExists.c.o.d -o CMakeFiles/cmTC_9352b.dir/CheckFunctionExists.c.o -c /Users/shane/env_setting/CMake/Source/Checks/Curses-build/CMakeFiles/CMakeScratch/TryCompile-acxveq/CheckFunctionExists.c
Linking C executable cmTC_9352b
/Users/shane/env_setting/CMake/Bootstrap.cmk/cmake -E cmake_link_script CMakeFiles/cmTC_9352b.dir/link.txt --verbose=1
/Library/Developer/CommandLineTools/usr/bin/clang  -DCHECK_FUNCTION_EXISTS=wsyncup -arch arm64 -isysroot /Library/Developer/CommandLineTools/SDKs/MacOSX11.3.sdk -Wl,-search_paths_first -Wl,-headerpad_max_install_names CMakeFiles/cmTC_9352b.dir/CheckFunctionExists.c.o -o cmTC_9352b  /Library/Developer/CommandLineTools/SDKs/MacOSX11.3.sdk/usr/lib/libcurses.tbd 



Determining if the function cbreak exists in the /Library/Developer/CommandLineTools/SDKs/MacOSX11.3.sdk/usr/lib/libncurses.tbd passed with the following output:
Change Dir: /Users/shane/env_setting/CMake/Source/Checks/Curses-build/CMakeFiles/CMakeScratch/TryCompile-6SPB2u

Run Build Command(s):/usr/bin/make -f Makefile cmTC_a4788/fast && make  -f CMakeFiles/cmTC_a4788.dir/build.make CMakeFiles/cmTC_a4788.dir/build
Building C object CMakeFiles/cmTC_a4788.dir/CheckFunctionExists.c.o
/Library/Developer/CommandLineTools/usr/bin/clang   -DCHECK_FUNCTION_EXISTS=cbreak -arch arm64 -isysroot /Library/Developer/CommandLineTools/SDKs/MacOSX11.3.sdk -MD -MT CMakeFiles/cmTC_a4788.dir/CheckFunctionExists.c.o -MF CMakeFiles/cmTC_a4788.dir/CheckFunctionExists.c.o.d -o CMakeFiles/cmTC_a4788.dir/CheckFunctionExists.c.o -c /Users/shane/env_setting/CMake/Source/Checks/Curses-build/CMakeFiles/CMakeScratch/TryCompile-6SPB2u/CheckFunctionExists.c
Linking C executable cmTC_a4788
/Users/shane/env_setting/CMake/Bootstrap.cmk/cmake -E cmake_link_script CMakeFiles/cmTC_a4788.dir/link.txt --verbose=1
/Library/Developer/CommandLineTools/usr/bin/clang  -DCHECK_FUNCTION_EXISTS=cbreak -arch arm64 -isysroot /Library/Developer/CommandLineTools/SDKs/MacOSX11.3.sdk -Wl,-search_paths_first -Wl,-headerpad_max_install_names CMakeFiles/cmTC_a4788.dir/CheckFunctionExists.c.o -o cmTC_a4788  /Library/Developer/CommandLineTools/SDKs/MacOSX11.3.sdk/usr/lib/libncurses.tbd 



Determining if the function nodelay exists in the /Library/Developer/CommandLineTools/SDKs/MacOSX11.3.sdk/usr/lib/libncurses.tbd passed with the following output:
Change Dir: /Users/shane/env_setting/CMake/Source/Checks/Curses-build/CMakeFiles/CMakeScratch/TryCompile-p0krdB

Run Build Command(s):/usr/bin/make -f Makefile cmTC_28f7e/fast && make  -f CMakeFiles/cmTC_28f7e.dir/build.make CMakeFiles/cmTC_28f7e.dir/build
Building C object CMakeFiles/cmTC_28f7e.dir/CheckFunctionExists.c.o
/Library/Developer/CommandLineTools/usr/bin/clang   -DCHECK_FUNCTION_EXISTS=nodelay -arch arm64 -isysroot /Library/Developer/CommandLineTools/SDKs/MacOSX11.3.sdk -MD -MT CMakeFiles/cmTC_28f7e.dir/CheckFunctionExists.c.o -MF CMakeFiles/cmTC_28f7e.dir/CheckFunctionExists.c.o.d -o CMakeFiles/cmTC_28f7e.dir/CheckFunctionExists.c.o -c /Users/shane/env_setting/CMake/Source/Checks/Curses-build/CMakeFiles/CMakeScratch/TryCompile-p0krdB/CheckFunctionExists.c
Linking C executable cmTC_28f7e
/Users/shane/env_setting/CMake/Bootstrap.cmk/cmake -E cmake_link_script CMakeFiles/cmTC_28f7e.dir/link.txt --verbose=1
/Library/Developer/CommandLineTools/usr/bin/clang  -DCHECK_FUNCTION_EXISTS=nodelay -arch arm64 -isysroot /Library/Developer/CommandLineTools/SDKs/MacOSX11.3.sdk -Wl,-search_paths_first -Wl,-headerpad_max_install_names CMakeFiles/cmTC_28f7e.dir/CheckFunctionExists.c.o -o cmTC_28f7e  /Library/Developer/CommandLineTools/SDKs/MacOSX11.3.sdk/usr/lib/libncurses.tbd 



